0 info it worked if it ends with ok
1 verbose cli [ '/usr/local/bin/node', '/usr/local/bin/npm', 'start' ]
2 info using npm@3.9.5
3 info using node@v5.5.0
4 verbose run-script [ 'prestart', 'start', 'poststart' ]
5 info lifecycle sms-spy-catcher@0.0.1~prestart: sms-spy-catcher@0.0.1
6 silly lifecycle sms-spy-catcher@0.0.1~prestart: no script for prestart, continuing
7 info lifecycle sms-spy-catcher@0.0.1~start: sms-spy-catcher@0.0.1
8 verbose lifecycle sms-spy-catcher@0.0.1~start: unsafe-perm in lifecycle true
9 verbose lifecycle sms-spy-catcher@0.0.1~start: PATH: /usr/local/lib/node_modules/npm/bin/node-gyp-bin:/Users/Joy-Quipper/Codes/sms-spy-catcher/node_modules/.bin:/usr/local/bin:/usr/local/heroku/bin:/Users/Joy-Quipper/.rbenv/shims:/usr/bin:/bin:/usr/sbin:/sbin:/usr/local/bin:/Users/Joy-Quipper/.rbenv/bin
10 verbose lifecycle sms-spy-catcher@0.0.1~start: CWD: /Users/Joy-Quipper/Codes/sms-spy-catcher
11 silly lifecycle sms-spy-catcher@0.0.1~start: Args: [ '-c', 'node server.js' ]
12 silly lifecycle sms-spy-catcher@0.0.1~start: Returned: code: 1  signal: null
13 info lifecycle sms-spy-catcher@0.0.1~start: Failed to exec start script
14 verbose stack Error: sms-spy-catcher@0.0.1 start: `node server.js`
14 verbose stack Exit status 1
14 verbose stack     at EventEmitter.<anonymous> (/usr/local/lib/node_modules/npm/lib/utils/lifecycle.js:245:16)
14 verbose stack     at emitTwo (events.js:100:13)
14 verbose stack     at EventEmitter.emit (events.js:185:7)
14 verbose stack     at ChildProcess.<anonymous> (/usr/local/lib/node_modules/npm/lib/utils/spawn.js:24:14)
14 verbose stack     at emitTwo (events.js:100:13)
14 verbose stack     at ChildProcess.emit (events.js:185:7)
14 verbose stack     at maybeClose (internal/child_process.js:821:16)
14 verbose stack     at Process.ChildProcess._handle.onexit (internal/child_process.js:211:5)
15 verbose pkgid sms-spy-catcher@0.0.1
16 verbose cwd /Users/Joy-Quipper/Codes/sms-spy-catcher
17 error Darwin 14.3.0
18 error argv "/usr/local/bin/node" "/usr/local/bin/npm" "start"
19 error node v5.5.0
20 error npm  v3.9.5
21 error code ELIFECYCLE
22 error sms-spy-catcher@0.0.1 start: `node server.js`
22 error Exit status 1
23 error Failed at the sms-spy-catcher@0.0.1 start script 'node server.js'.
23 error Make sure you have the latest version of node.js and npm installed.
23 error If you do, this is most likely a problem with the sms-spy-catcher package,
23 error not with npm itself.
23 error Tell the author that this fails on your system:
23 error     node server.js
23 error You can get information on how to open an issue for this project with:
23 error     npm bugs sms-spy-catcher
23 error Or if that isn't available, you can get their info via:
23 error     npm owner ls sms-spy-catcher
23 error There is likely additional logging output above.
24 verbose exit [ 1, true ]
